[2026-03-13 19:26:57] Starting monitor...
[2026-03-13 19:26:57] First run, saved 25 events
[2026-03-13 19:26:57] Monitor completed
[2026-03-14 15:15:43] Starting monitor...
[2026-03-14 15:15:44] Found 1 new events
[2026-03-14 15:15:44] Monitor completed
[2026-03-15 07:02:27] Starting monitor...
[2026-03-15 07:02:28] Found 1 new events
[2026-03-15 07:02:28] Monitor completed
[2026-03-15 09:31:04] Starting monitor...
[2026-03-15 09:31:05] Found 1 new events
[2026-03-15 09:31:05] Email sent to 195021300@qq.com
[2026-03-15 09:31:05] Monitor completed
[2026-03-16 07:00:50] Starting monitor...
[2026-03-16 07:00:51] Found 1 new events
[2026-03-16 07:00:52] Email sent to 195021300@qq.com
[2026-03-16 07:00:52] Monitor completed
[2026-03-16 18:32:37] Starting monitor...
[2026-03-16 18:32:38] Found 2 new events
[2026-03-16 18:32:39] Email sent to 195021300@qq.com
[2026-03-16 18:32:39] Monitor completed
[2026-03-16 18:40:03] Starting monitor...
[2026-03-16 18:40:04] Found 2 new events
[2026-03-16 18:40:05] Email sent to 195021300@qq.com
[2026-03-16 18:40:05] Monitor completed
[2026-03-16 18:47:08] Starting monitor...
[2026-03-16 18:47:09] Found 2 new events
[2026-03-16 18:47:09] Email sent to 195021300@qq.com
[2026-03-16 18:47:09] Monitor completed
[2026-03-17 07:00:52] Starting monitor...
[2026-03-17 07:00:53] Found 1 new events
[2026-03-17 07:00:53] Email sent to 195021300@qq.com
[2026-03-17 07:00:53] Monitor completed
[2026-03-17 08:40:59] Starting monitor...
[2026-03-17 08:41:00] Found 1 new events
[2026-03-17 08:41:01] Email sent to 195021300@qq.com
[2026-03-17 08:41:01] Monitor completed
[2026-03-17 19:54:32] Starting monitor...
[2026-03-17 19:54:33] Found 1 new events
[2026-03-17 19:54:34] Email sent to 195021300@qq.com
[2026-03-17 19:54:34] Monitor completed
[2026-03-18 09:35:25] Starting monitor...
[2026-03-18 09:35:26] Found 0
0 new events
[2026-03-18 09:35:27] Email sent to 195021300@qq.com
[2026-03-18 09:35:27] Monitor completed
